Using pre-set license
Built from '2020.3/release' branch; Version is '2020.3.12f1 (b3b2c6512326) revision 11776710'; Using compiler version '192528614'; Build Type 'Release'
OS: 'Windows 10 Pro; OS build 19042.1110; Version 2009; 64bit' Language: 'en' Physical Memory: 16129 MB
BatchMode: 1, IsHumanControllingUs: 0, StartBugReporterOnCrash: 0, Is64bit: 1, IsPro: 0

 COMMAND LINE ARGUMENTS:
C:\Software\Unity\Unity Installations\Versions\2020.3.12f1\Editor\Unity.exe
-adb2
-batchMode
-noUpm
-name
AssetImportWorker0
-projectPath
C:/Users/Jujurella/Documents/2D Games/Bomb Squad
-logFile
Logs/AssetImportWorker0.log
-srvPort
52005
Successfully changed project path to: C:/Users/Jujurella/Documents/2D Games/Bomb Squad
C:/Users/Jujurella/Documents/2D Games/Bomb Squad
Using Asset Import Pipeline V2.
Refreshing native plugins compatible for Editor in 49.71 ms, found 3 plugins.
Preloading 0 native plugins for Editor in 0.00 ms.
Initialize engine version: 2020.3.12f1 (b3b2c6512326)
[Subsystems] Discovering subsystems at path C:/Software/Unity/Unity Installations/Versions/2020.3.12f1/Editor/Data/Resources/UnitySubsystems
[Subsystems] Discovering subsystems at path C:/Users/Jujurella/Documents/2D Games/Bomb Squad/Assets
GfxDevice: creating device client; threaded=0
Direct3D:
    Version:  Direct3D 11.0 [level 11.1]
    Renderer: NVIDIA GeForce GTX 1650 Ti (ID=0x1f95)
    Vendor:   
    VRAM:     3964 MB
    Driver:   27.21.14.6231
Initialize mono
Mono path[0] = 'C:/Software/Unity/Unity Installations/Versions/2020.3.12f1/Editor/Data/Managed'
Mono path[1] = 'C:/Software/Unity/Unity Installations/Versions/2020.3.12f1/Editor/Data/MonoBleedingEdge/lib/mono/unityjit'
Mono config path = 'C:/Software/Unity/Unity Installations/Versions/2020.3.12f1/Editor/Data/MonoBleedingEdge/etc'
Using monoOptions --debugger-agent=transport=dt_socket,embedding=1,server=y,suspend=n,address=127.0.0.1:56808
Begin MonoManager ReloadAssembly
Registering precompiled unity dll's ...
Register platform support module: C:/Software/Unity/Unity Installations/Versions/2020.3.12f1/Editor/Data/PlaybackEngines/WebGLSupport/UnityEditor.WebGL.Extensions.dll
Register platform support module: C:/Software/Unity/Unity Installations/Versions/2020.3.12f1/Editor/Data/PlaybackEngines/WindowsStandaloneSupport/UnityEditor.WindowsStandalone.Extensions.dll
Registered in 0.002789 seconds.
Native extension for WindowsStandalone target not found
Native extension for WebGL target not found
Refreshing native plugins compatible for Editor in 75.48 ms, found 3 plugins.
Preloading 0 native plugins for Editor in 0.00 ms.
Mono: successfully reloaded assembly
- Completed reload, in  2.645 seconds
Platform modules already initialized, skipping
Registering precompiled user dll's ...
Registered in 0.009270 seconds.
Begin MonoManager ReloadAssembly
Native extension for WindowsStandalone target not found
Native extension for WebGL target not found
Refreshing native plugins compatible for Editor in 76.53 ms, found 3 plugins.
Preloading 0 native plugins for Editor in 0.00 ms.
Mono: successfully reloaded assembly
- Completed reload, in  1.245 seconds
Platform modules already initialized, skipping
========================================================================
Worker process is ready to serve import requests
Launched and connected shader compiler UnityShaderCompiler.exe after 0.05 seconds
Refreshing native plugins compatible for Editor in 0.50 ms, found 3 plugins.
Preloading 0 native plugins for Editor in 0.00 ms.
Unloading 2090 Unused Serialized files (Serialized files now loaded: 0)
System memory in use before: 98.5 MB.
System memory in use after: 98.4 MB.

Unloading 33 unused Assets to reduce memory usage. Loaded Objects now: 2525.
Total: 2.393100 ms (FindLiveObjects: 0.198900 ms CreateObjectMapping: 0.078900 ms MarkObjects: 1.992000 ms  DeleteObjects: 0.122400 ms)

AssetImportParameters requested are different than current active one (requested -> active):
  custom:framework-win-MediaFoundation: 216162199b28c13a410421893ffa2e32 -> 
  custom:video-decoder-ogg-theora: a1e56fd34408186e4bbccfd4996cb3dc -> 
  custom:container-muxer-webm: aa71ff27fc2769a1b78a27578f13a17b -> 
  custom:container-demuxer-webm: 4f35f7cbe854078d1ac9338744f61a02 -> 
  custom:container-demuxer-ogg: 62fdf1f143b41e24485cea50d1cbac27 -> 
  custom:video-encoder-webm-vp8: eb34c28f22e8b96e1ab97ce403110664 -> 
  custom:video-codec-MediaFoundation-h265: 746d11721c4dcdbdad8f713fa42b33f4 -> 
  custom:video-decoder-webm-vp8: 9c59270c3fd7afecdb556c50c9e8de78 -> 
  custom:audio-decoder-ogg-vorbis: bf7c407c2cedff20999df2af8eb42d56 -> 
  custom:audio-encoder-webm-vorbis: bf7c407c2cedff20999df2af8eb42d56 -> 
========================================================================
Received Import Request.
  path: Assets/Scenes/MainScene.unity
  artifactKey: Guid(45d944499fe83d047a6a898ee716e065) Importer(815301076,1909f56bfc062723c751e8b465ee728b)
Start importing Assets/Scenes/MainScene.unity using Guid(45d944499fe83d047a6a898ee716e065) Importer(815301076,1909f56bfc062723c751e8b465ee728b)  -> (artifact id: '8eaf850ba0f2c1ca2dca08c933cd8015') in 0.013736 seconds 
  Import took 0.017685 seconds .

========================================================================
Received Import Request.
  Time since last request: 1665.628381 seconds.
  path: Assets/SpriteNumberRenderer/Example/GenaricNumber.prefab
  artifactKey: Guid(e64db629161023c44a2d6e0e89ef2318) Importer(815301076,1909f56bfc062723c751e8b465ee728b)
Start importing Assets/SpriteNumberRenderer/Example/GenaricNumber.prefab using Guid(e64db629161023c44a2d6e0e89ef2318) Importer(815301076,1909f56bfc062723c751e8b465ee728b)  -> (artifact id: 'd0753f059ec250b599b1f9043726e663') in 0.032178 seconds 
  Import took 0.037348 seconds .

========================================================================
Received Import Request.
  Time since last request: 1.866054 seconds.
  path: Assets/SpriteNumberRenderer/Example/GenaricNumber.prefab
  artifactKey: Guid(e64db629161023c44a2d6e0e89ef2318) Importer(815301076,1909f56bfc062723c751e8b465ee728b)
Start importing Assets/SpriteNumberRenderer/Example/GenaricNumber.prefab using Guid(e64db629161023c44a2d6e0e89ef2318) Importer(815301076,1909f56bfc062723c751e8b465ee728b)  -> (artifact id: '083c5d041289e38c3486aba0bb303ea9') in 0.005693 seconds 
  Import took 0.010661 seconds .

========================================================================
Received Import Request.
  Time since last request: 1.690785 seconds.
  path: Assets/SpriteNumberRenderer/Example/GenaricNumber.prefab
  artifactKey: Guid(e64db629161023c44a2d6e0e89ef2318) Importer(815301076,1909f56bfc062723c751e8b465ee728b)
Start importing Assets/SpriteNumberRenderer/Example/GenaricNumber.prefab using Guid(e64db629161023c44a2d6e0e89ef2318) Importer(815301076,1909f56bfc062723c751e8b465ee728b)  -> (artifact id: '8955eba3c0017789652049eb0e308116') in 0.006220 seconds 
  Import took 0.011029 seconds .

========================================================================
Received Import Request.
  Time since last request: 1.642190 seconds.
  path: Assets/SpriteNumberRenderer/Example/GenaricNumber.prefab
  artifactKey: Guid(e64db629161023c44a2d6e0e89ef2318) Importer(815301076,1909f56bfc062723c751e8b465ee728b)
Start importing Assets/SpriteNumberRenderer/Example/GenaricNumber.prefab using Guid(e64db629161023c44a2d6e0e89ef2318) Importer(815301076,1909f56bfc062723c751e8b465ee728b)  -> (artifact id: '42c8da0703f4a155cad6f43639fb9c03') in 0.004516 seconds 
  Import took 0.009087 seconds .

========================================================================
Received Import Request.
  Time since last request: 1.516980 seconds.
  path: Assets/SpriteNumberRenderer/Example/GenaricNumber.prefab
  artifactKey: Guid(e64db629161023c44a2d6e0e89ef2318) Importer(815301076,1909f56bfc062723c751e8b465ee728b)
Start importing Assets/SpriteNumberRenderer/Example/GenaricNumber.prefab using Guid(e64db629161023c44a2d6e0e89ef2318) Importer(815301076,1909f56bfc062723c751e8b465ee728b)  -> (artifact id: 'f18fac6cb3f5c4c2f7ce6856c07deedf') in 0.006073 seconds 
  Import took 0.009714 seconds .

========================================================================
Received Import Request.
  Time since last request: 1.514944 seconds.
  path: Assets/SpriteNumberRenderer/Example/GenaricNumber.prefab
  artifactKey: Guid(e64db629161023c44a2d6e0e89ef2318) Importer(815301076,1909f56bfc062723c751e8b465ee728b)
Start importing Assets/SpriteNumberRenderer/Example/GenaricNumber.prefab using Guid(e64db629161023c44a2d6e0e89ef2318) Importer(815301076,1909f56bfc062723c751e8b465ee728b)  -> (artifact id: '312d79c29a2f8205ec4a4c686cad1b17') in 0.004922 seconds 
  Import took 0.009787 seconds .

========================================================================
Received Import Request.
  Time since last request: 2.146992 seconds.
  path: Assets/SpriteNumberRenderer/Example/GenaricNumber.prefab
  artifactKey: Guid(e64db629161023c44a2d6e0e89ef2318) Importer(815301076,1909f56bfc062723c751e8b465ee728b)
Start importing Assets/SpriteNumberRenderer/Example/GenaricNumber.prefab using Guid(e64db629161023c44a2d6e0e89ef2318) Importer(815301076,1909f56bfc062723c751e8b465ee728b)  -> (artifact id: 'b134a7d7a9d84262ee7aeab01b2846a6') in 0.005445 seconds 
  Import took 0.010880 seconds .

========================================================================
Received Import Request.
  Time since last request: 1.830419 seconds.
  path: Assets/SpriteNumberRenderer/Example/GenaricNumber.prefab
  artifactKey: Guid(e64db629161023c44a2d6e0e89ef2318) Importer(815301076,1909f56bfc062723c751e8b465ee728b)
Start importing Assets/SpriteNumberRenderer/Example/GenaricNumber.prefab using Guid(e64db629161023c44a2d6e0e89ef2318) Importer(815301076,1909f56bfc062723c751e8b465ee728b)  -> (artifact id: '99d687ba59bf046b35c2a0356f2e2bdb') in 0.005834 seconds 
  Import took 0.009847 seconds .

========================================================================
Received Import Request.
  Time since last request: 2.125360 seconds.
  path: Assets/SpriteNumberRenderer/Example/GenaricNumber.prefab
  artifactKey: Guid(e64db629161023c44a2d6e0e89ef2318) Importer(815301076,1909f56bfc062723c751e8b465ee728b)
Start importing Assets/SpriteNumberRenderer/Example/GenaricNumber.prefab using Guid(e64db629161023c44a2d6e0e89ef2318) Importer(815301076,1909f56bfc062723c751e8b465ee728b)  -> (artifact id: '965c219751fc3017d62b9d3f7fe343a7') in 0.005262 seconds 
  Import took 0.009147 seconds .

========================================================================
Received Import Request.
  Time since last request: 1.934457 seconds.
  path: Assets/SpriteNumberRenderer/Example/GenaricNumber.prefab
  artifactKey: Guid(e64db629161023c44a2d6e0e89ef2318) Importer(815301076,1909f56bfc062723c751e8b465ee728b)
Start importing Assets/SpriteNumberRenderer/Example/GenaricNumber.prefab using Guid(e64db629161023c44a2d6e0e89ef2318) Importer(815301076,1909f56bfc062723c751e8b465ee728b)  -> (artifact id: 'c41154f0abd2360bdbc63d68260118d4') in 0.004809 seconds 
  Import took 0.008436 seconds .

========================================================================
Received Prepare
Registering precompiled user dll's ...
Registered in 0.006639 seconds.
Begin MonoManager ReloadAssembly
Native extension for WindowsStandalone target not found
Native extension for WebGL target not found
Refreshing native plugins compatible for Editor in 0.52 ms, found 3 plugins.
Preloading 0 native plugins for Editor in 0.00 ms.
Mono: successfully reloaded assembly
- Completed reload, in  1.018 seconds
Platform modules already initialized, skipping
Refreshing native plugins compatible for Editor in 0.60 ms, found 3 plugins.
Preloading 0 native plugins for Editor in 0.00 ms.
Unloading 2085 Unused Serialized files (Serialized files now loaded: 0)
System memory in use before: 98.4 MB.
System memory in use after: 98.4 MB.

Unloading 21 unused Assets to reduce memory usage. Loaded Objects now: 2529.
Total: 2.587900 ms (FindLiveObjects: 0.275100 ms CreateObjectMapping: 0.115800 ms MarkObjects: 2.082100 ms  DeleteObjects: 0.113900 ms)

AssetImportParameters requested are different than current active one (requested -> active):
  custom:framework-win-MediaFoundation: 216162199b28c13a410421893ffa2e32 -> 
  custom:video-decoder-ogg-theora: a1e56fd34408186e4bbccfd4996cb3dc -> 
  custom:container-muxer-webm: aa71ff27fc2769a1b78a27578f13a17b -> 
  custom:container-demuxer-webm: 4f35f7cbe854078d1ac9338744f61a02 -> 
  custom:container-demuxer-ogg: 62fdf1f143b41e24485cea50d1cbac27 -> 
  custom:video-encoder-webm-vp8: eb34c28f22e8b96e1ab97ce403110664 -> 
  custom:video-codec-MediaFoundation-h265: 746d11721c4dcdbdad8f713fa42b33f4 -> 
  custom:video-decoder-webm-vp8: 9c59270c3fd7afecdb556c50c9e8de78 -> 
  custom:audio-decoder-ogg-vorbis: bf7c407c2cedff20999df2af8eb42d56 -> 
  custom:audio-encoder-webm-vorbis: bf7c407c2cedff20999df2af8eb42d56 -> 
========================================================================
Received Prepare
Registering precompiled user dll's ...
Registered in 0.005673 seconds.
Begin MonoManager ReloadAssembly
Native extension for WindowsStandalone target not found
Native extension for WebGL target not found
Refreshing native plugins compatible for Editor in 0.52 ms, found 3 plugins.
Preloading 0 native plugins for Editor in 0.00 ms.
Mono: successfully reloaded assembly
- Completed reload, in  1.202 seconds
Platform modules already initialized, skipping
Refreshing native plugins compatible for Editor in 0.51 ms, found 3 plugins.
Preloading 0 native plugins for Editor in 0.00 ms.
Unloading 2085 Unused Serialized files (Serialized files now loaded: 0)
System memory in use before: 98.5 MB.
System memory in use after: 98.5 MB.

Unloading 21 unused Assets to reduce memory usage. Loaded Objects now: 2533.
Total: 2.398600 ms (FindLiveObjects: 0.188400 ms CreateObjectMapping: 0.074200 ms MarkObjects: 2.038000 ms  DeleteObjects: 0.097100 ms)

AssetImportParameters requested are different than current active one (requested -> active):
  custom:framework-win-MediaFoundation: 216162199b28c13a410421893ffa2e32 -> 
  custom:video-decoder-ogg-theora: a1e56fd34408186e4bbccfd4996cb3dc -> 
  custom:container-muxer-webm: aa71ff27fc2769a1b78a27578f13a17b -> 
  custom:container-demuxer-webm: 4f35f7cbe854078d1ac9338744f61a02 -> 
  custom:container-demuxer-ogg: 62fdf1f143b41e24485cea50d1cbac27 -> 
  custom:video-encoder-webm-vp8: eb34c28f22e8b96e1ab97ce403110664 -> 
  custom:video-codec-MediaFoundation-h265: 746d11721c4dcdbdad8f713fa42b33f4 -> 
  custom:video-decoder-webm-vp8: 9c59270c3fd7afecdb556c50c9e8de78 -> 
  custom:audio-decoder-ogg-vorbis: bf7c407c2cedff20999df2af8eb42d56 -> 
  custom:audio-encoder-webm-vorbis: bf7c407c2cedff20999df2af8eb42d56 -> 
========================================================================
Received Prepare
Registering precompiled user dll's ...
Registered in 0.005315 seconds.
Begin MonoManager ReloadAssembly
Native extension for WindowsStandalone target not found
Native extension for WebGL target not found
Refreshing native plugins compatible for Editor in 0.56 ms, found 3 plugins.
Preloading 0 native plugins for Editor in 0.00 ms.
Mono: successfully reloaded assembly
- Completed reload, in  1.009 seconds
Platform modules already initialized, skipping
Refreshing native plugins compatible for Editor in 0.51 ms, found 3 plugins.
Preloading 0 native plugins for Editor in 0.00 ms.
Unloading 2086 Unused Serialized files (Serialized files now loaded: 0)
System memory in use before: 98.5 MB.
System memory in use after: 98.5 MB.

Unloading 21 unused Assets to reduce memory usage. Loaded Objects now: 2538.
Total: 2.405400 ms (FindLiveObjects: 0.191600 ms CreateObjectMapping: 0.090900 ms MarkObjects: 1.967800 ms  DeleteObjects: 0.154200 ms)

AssetImportParameters requested are different than current active one (requested -> active):
  custom:framework-win-MediaFoundation: 216162199b28c13a410421893ffa2e32 -> 
  custom:video-decoder-ogg-theora: a1e56fd34408186e4bbccfd4996cb3dc -> 
  custom:container-muxer-webm: aa71ff27fc2769a1b78a27578f13a17b -> 
  custom:container-demuxer-webm: 4f35f7cbe854078d1ac9338744f61a02 -> 
  custom:container-demuxer-ogg: 62fdf1f143b41e24485cea50d1cbac27 -> 
  custom:video-encoder-webm-vp8: eb34c28f22e8b96e1ab97ce403110664 -> 
  custom:video-codec-MediaFoundation-h265: 746d11721c4dcdbdad8f713fa42b33f4 -> 
  custom:video-decoder-webm-vp8: 9c59270c3fd7afecdb556c50c9e8de78 -> 
  custom:audio-decoder-ogg-vorbis: bf7c407c2cedff20999df2af8eb42d56 -> 
  custom:audio-encoder-webm-vorbis: bf7c407c2cedff20999df2af8eb42d56 -> 
========================================================================
Received Import Request.
  Time since last request: 254.902754 seconds.
  path: Assets/Scripts/NumberSet.cs
  artifactKey: Guid(b356269bddf3df3478ed68dd2661b246) Importer(815301076,1909f56bfc062723c751e8b465ee728b)
Start importing Assets/Scripts/NumberSet.cs using Guid(b356269bddf3df3478ed68dd2661b246) Importer(815301076,1909f56bfc062723c751e8b465ee728b)  -> (artifact id: 'bacf030069c52ba53f895345f87e47e9') in 0.007303 seconds 
  Import took 0.010230 seconds .

========================================================================
Received Prepare
Registering precompiled user dll's ...
Registered in 0.004891 seconds.
Begin MonoManager ReloadAssembly
Native extension for WindowsStandalone target not found
Native extension for WebGL target not found
Refreshing native plugins compatible for Editor in 0.52 ms, found 3 plugins.
Preloading 0 native plugins for Editor in 0.00 ms.
Mono: successfully reloaded assembly
- Completed reload, in  1.036 seconds
Platform modules already initialized, skipping
Refreshing native plugins compatible for Editor in 0.64 ms, found 3 plugins.
Preloading 0 native plugins for Editor in 0.00 ms.
Unloading 2086 Unused Serialized files (Serialized files now loaded: 0)
System memory in use before: 98.6 MB.
System memory in use after: 98.5 MB.

Unloading 21 unused Assets to reduce memory usage. Loaded Objects now: 2542.
Total: 2.402800 ms (FindLiveObjects: 0.198800 ms CreateObjectMapping: 0.082200 ms MarkObjects: 1.988300 ms  DeleteObjects: 0.132600 ms)

AssetImportParameters requested are different than current active one (requested -> active):
  custom:framework-win-MediaFoundation: 216162199b28c13a410421893ffa2e32 -> 
  custom:video-decoder-ogg-theora: a1e56fd34408186e4bbccfd4996cb3dc -> 
  custom:container-muxer-webm: aa71ff27fc2769a1b78a27578f13a17b -> 
  custom:container-demuxer-webm: 4f35f7cbe854078d1ac9338744f61a02 -> 
  custom:container-demuxer-ogg: 62fdf1f143b41e24485cea50d1cbac27 -> 
  custom:video-encoder-webm-vp8: eb34c28f22e8b96e1ab97ce403110664 -> 
  custom:video-codec-MediaFoundation-h265: 746d11721c4dcdbdad8f713fa42b33f4 -> 
  custom:video-decoder-webm-vp8: 9c59270c3fd7afecdb556c50c9e8de78 -> 
  custom:audio-decoder-ogg-vorbis: bf7c407c2cedff20999df2af8eb42d56 -> 
  custom:audio-encoder-webm-vorbis: bf7c407c2cedff20999df2af8eb42d56 -> 
========================================================================
Received Import Request.
  Time since last request: 34.979690 seconds.
  path: Assets/Scripts/NumberSet.cs
  artifactKey: Guid(b356269bddf3df3478ed68dd2661b246) Importer(815301076,1909f56bfc062723c751e8b465ee728b)
Start importing Assets/Scripts/NumberSet.cs using Guid(b356269bddf3df3478ed68dd2661b246) Importer(815301076,1909f56bfc062723c751e8b465ee728b)  -> (artifact id: '4c16bb3180decdf2d6fecd48a938f134') in 0.005135 seconds 
  Import took 0.009389 seconds .

========================================================================
Received Prepare
Registering precompiled user dll's ...
Registered in 0.004772 seconds.
Begin MonoManager ReloadAssembly
Native extension for WindowsStandalone target not found
Native extension for WebGL target not found
Refreshing native plugins compatible for Editor in 0.51 ms, found 3 plugins.
Preloading 0 native plugins for Editor in 0.00 ms.
Mono: successfully reloaded assembly
- Completed reload, in  1.023 seconds
Platform modules already initialized, skipping
Refreshing native plugins compatible for Editor in 0.51 ms, found 3 plugins.
Preloading 0 native plugins for Editor in 0.00 ms.
Unloading 2086 Unused Serialized files (Serialized files now loaded: 0)
System memory in use before: 98.6 MB.
System memory in use after: 98.5 MB.

Unloading 21 unused Assets to reduce memory usage. Loaded Objects now: 2546.
Total: 2.393000 ms (FindLiveObjects: 0.200800 ms CreateObjectMapping: 0.075100 ms MarkObjects: 1.968400 ms  DeleteObjects: 0.147800 ms)

AssetImportParameters requested are different than current active one (requested -> active):
  custom:framework-win-MediaFoundation: 216162199b28c13a410421893ffa2e32 -> 
  custom:video-decoder-ogg-theora: a1e56fd34408186e4bbccfd4996cb3dc -> 
  custom:container-muxer-webm: aa71ff27fc2769a1b78a27578f13a17b -> 
  custom:container-demuxer-webm: 4f35f7cbe854078d1ac9338744f61a02 -> 
  custom:container-demuxer-ogg: 62fdf1f143b41e24485cea50d1cbac27 -> 
  custom:video-encoder-webm-vp8: eb34c28f22e8b96e1ab97ce403110664 -> 
  custom:video-codec-MediaFoundation-h265: 746d11721c4dcdbdad8f713fa42b33f4 -> 
  custom:video-decoder-webm-vp8: 9c59270c3fd7afecdb556c50c9e8de78 -> 
  custom:audio-decoder-ogg-vorbis: bf7c407c2cedff20999df2af8eb42d56 -> 
  custom:audio-encoder-webm-vorbis: bf7c407c2cedff20999df2af8eb42d56 -> 
========================================================================
Received Import Request.
  Time since last request: 42.514724 seconds.
  path: Assets/Prefabs/Number
  artifactKey: Guid(6017ad3a691882a40852a8747873d63b) Importer(815301076,1909f56bfc062723c751e8b465ee728b)
Start importing Assets/Prefabs/Number using Guid(6017ad3a691882a40852a8747873d63b) Importer(815301076,1909f56bfc062723c751e8b465ee728b)  -> (artifact id: 'b3d0853e28e8f4b4462b9a5b2245a2ac') in 0.008797 seconds 
  Import took 0.022944 seconds .

========================================================================
Received Import Request.
  Time since last request: 39.159389 seconds.
  path: Assets/Scenes/MainScene.unity
  artifactKey: Guid(45d944499fe83d047a6a898ee716e065) Importer(815301076,1909f56bfc062723c751e8b465ee728b)
Start importing Assets/Scenes/MainScene.unity using Guid(45d944499fe83d047a6a898ee716e065) Importer(815301076,1909f56bfc062723c751e8b465ee728b)  -> (artifact id: '5fc5836616dc180c27dfda3afa040229') in 0.014350 seconds 
  Import took 0.028779 seconds .

========================================================================
Received Import Request.
  Time since last request: 9.629480 seconds.
  path: Assets/Prefabs/Prop/coin.prefab
  artifactKey: Guid(84b1a6123b2131144863db73255741e2) Importer(815301076,1909f56bfc062723c751e8b465ee728b)
Start importing Assets/Prefabs/Prop/coin.prefab using Guid(84b1a6123b2131144863db73255741e2) Importer(815301076,1909f56bfc062723c751e8b465ee728b)  -> (artifact id: '9737bd2a14d6ca1b456e4d3a750ce7c1') in 0.083505 seconds 
  Import took 0.087293 seconds .

========================================================================
Received Import Request.
  Time since last request: 79.029378 seconds.
  path: Assets/Scenes/SampleScene.unity
  artifactKey: Guid(2cda990e2423bbf4892e6590ba056729) Importer(815301076,1909f56bfc062723c751e8b465ee728b)
Start importing Assets/Scenes/SampleScene.unity using Guid(2cda990e2423bbf4892e6590ba056729) Importer(815301076,1909f56bfc062723c751e8b465ee728b)  -> (artifact id: 'aa27944bdea339c97c39027c7eea529c') in 0.004160 seconds 
  Import took 0.008488 seconds .

========================================================================
Received Import Request.
  Time since last request: 3.359533 seconds.
  path: Assets/SpriteNumberRenderer/Example/ExampleScene.unity
  artifactKey: Guid(e254d60fa0409974a97578e9d49d0068) Importer(815301076,1909f56bfc062723c751e8b465ee728b)
Start importing Assets/SpriteNumberRenderer/Example/ExampleScene.unity using Guid(e254d60fa0409974a97578e9d49d0068) Importer(815301076,1909f56bfc062723c751e8b465ee728b)  -> (artifact id: '76ecdea1277a7785fb78ade31f3ccbf2') in 0.004012 seconds 
  Import took 0.008409 seconds .

========================================================================
Received Import Request.
  Time since last request: 158.016696 seconds.
  path: Assets/Scenes/MainScene.unity
  artifactKey: Guid(45d944499fe83d047a6a898ee716e065) Importer(815301076,1909f56bfc062723c751e8b465ee728b)
Start importing Assets/Scenes/MainScene.unity using Guid(45d944499fe83d047a6a898ee716e065) Importer(815301076,1909f56bfc062723c751e8b465ee728b)  -> (artifact id: '11e35f5d97358236da4398fc9d8022d0') in 0.003770 seconds 
  Import took 0.018282 seconds .

========================================================================
Received Import Request.
  Time since last request: 354.391721 seconds.
  path: Assets/Scenes/MainScene.unity
  artifactKey: Guid(45d944499fe83d047a6a898ee716e065) Importer(815301076,1909f56bfc062723c751e8b465ee728b)
Start importing Assets/Scenes/MainScene.unity using Guid(45d944499fe83d047a6a898ee716e065) Importer(815301076,1909f56bfc062723c751e8b465ee728b)  -> (artifact id: '5a093f2d35a64ca0026bf8377c90f6dc') in 0.004122 seconds 
  Import took 0.009223 seconds .

